java.lang.RuntimeException: Timeout (10 seconds) while waiting for BSP socket to be created in /Users/mathiusjohnson/Library/Caches/ScalaCli/bsp-sockets/proc-4110
  scala.sys.package$.error(package.scala:27)
  bloop.rifle.internal.Operations$$anon$1.openSocket(Operations.scala:418)
  bloop.rifle.BloopServer$.create$1(BloopServer.scala:127)
  bloop.rifle.BloopServer$.connect(BloopServer.scala:143)
  bloop.rifle.BloopServer$.bsp(BloopServer.scala:166)
  bloop.rifle.BloopServer$.buildServer(BloopServer.scala:185)
  scala.build.bsp.BspImpl.$anonfun$10(BspImpl.scala:423)
  scala.build.compiler.BloopCompiler.<init>(BloopCompiler.scala:15)
  scala.build.bsp.BspImpl.newBloopSession(BspImpl.scala:428)
  scala.build.bsp.BspImpl.run(BspImpl.scala:469)
  scala.cli.commands.bsp.Bsp$.runCommand$$anonfun$1(Bsp.scala:126)
  scala.runtime.function.JProcedure1.apply(JProcedure1.java:15)
  scala.runtime.function.JProcedure1.apply(JProcedure1.java:10)
  scala.build.bsp.BspThreads$.withThreads(BspThreads.scala:23)
  scala.cli.commands.bsp.Bsp$.runCommand(Bsp.scala:129)
  scala.cli.commands.bsp.Bsp$.runCommand(Bsp.scala:35)
  scala.cli.commands.ScalaCommand.run(ScalaCommand.scala:368)
  scala.cli.commands.ScalaCommand.run(ScalaCommand.scala:350)
  caseapp.core.app.CaseApp.main(CaseApp.scala:157)
  scala.cli.commands.ScalaCommand.main(ScalaCommand.scala:335)
  caseapp.core.app.CommandsEntryPoint.main(CommandsEntryPoint.scala:166)
  scala.cli.ScalaCliCommands.main(ScalaCliCommands.scala:125)
  scala.cli.ScalaCli$.main0(ScalaCli.scala:269)
  scala.cli.ScalaCli$.main(ScalaCli.scala:108)
  scala.cli.ScalaCli.main(ScalaCli.scala)
